# JRE version: OpenJDK Runtime Environment (8.0_152-b01) (build 1.8.0_152-release-915-b01)
# Java VM: OpenJDK 64-Bit Server VM (25.152-b01 mixed mode windows-amd64 compressed oops)
Heap:
 PSYoungGen      total 144384K, used 26606K [0x00000000e0000000, 0x00000000ec800000, 0x0000000100000000)
  eden space 133120K, 11% used [0x00000000e0000000,0x00000000e0f02978,0x00000000e8200000)
  from space 11264K, 99% used [0x00000000e8200000,0x00000000e8cf90d0,0x00000000e8d00000)
  to   space 14848K, 0% used [0x00000000eb980000,0x00000000eb980000,0x00000000ec800000)
 ParOldGen       total 56320K, used 22305K [0x00000000a0000000, 0x00000000a3700000, 0x00000000e0000000)
  object space 56320K, 39% used [0x00000000a0000000,0x00000000a15c8548,0x00000000a3700000)
 Metaspace       used 51251K, capacity 52994K, committed 53208K, reserved 1095680K
  class space    used 6915K, capacity 7370K, committed 7424K, reserved 1048576K
GC Heap History (10 events):
Event: 22.993 GC heap before
{Heap before GC invocations=9 (full 1):
 PSYoungGen      total 57856K, used 55146K [0x00000000e0000000, 0x00000000e6b00000, 0x0000000100000000)
  eden space 49152K, 100% used [0x00000000e0000000,0x00000000e3000000,0x00000000e3000000)
  from space 8704K, 68% used [0x00000000e3000000,0x00000000e35daad8,0x00000000e3880000)
  to   space 8704K, 0% used [0x00000000e6280000,0x00000000e6280000,0x00000000e6b00000)
 ParOldGen       total 39424K, used 6582K [0x00000000a0000000, 0x00000000a2680000, 0x00000000e0000000)
  object space 39424K, 16% used [0x00000000a0000000,0x00000000a066dac8,0x00000000a2680000)
 Metaspace       used 27964K, capacity 28600K, committed 28928K, reserved 1075200K
  class space    used 3885K, capacity 4067K, committed 4096K, reserved 1048576K
Event: 23.005 GC heap after
Heap after GC invocations=9 (full 1):
 PSYoungGen      total 98816K, used 7386K [0x00000000e0000000, 0x00000000e6a80000, 0x0000000100000000)
  eden space 90624K, 0% used [0x00000000e0000000,0x00000000e0000000,0x00000000e5880000)
  from space 8192K, 90% used [0x00000000e6280000,0x00000000e69b6830,0x00000000e6a80000)
  to   space 9216K, 0% used [0x00000000e5880000,0x00000000e5880000,0x00000000e6180000)
 ParOldGen       total 39424K, used 6590K [0x00000000a0000000, 0x00000000a2680000, 0x00000000e0000000)
  object space 39424K, 16% used [0x00000000a0000000,0x00000000a066fac8,0x00000000a2680000)
 Metaspace       used 27964K, capacity 28600K, committed 28928K, reserved 1075200K
  class space    used 3885K, capacity 4067K, committed 4096K, reserved 1048576K
}
Event: 25.587 GC heap before
{Heap before GC invocations=10 (full 1):
 PSYoungGen      total 98816K, used 96926K [0x00000000e0000000, 0x00000000e6a80000, 0x0000000100000000)
  eden space 90624K, 98% used [0x00000000e0000000,0x00000000e5771080,0x00000000e5880000)
  from space 8192K, 90% used [0x00000000e6280000,0x00000000e69b6830,0x00000000e6a80000)
  to   space 9216K, 0% used [0x00000000e5880000,0x00000000e5880000,0x00000000e6180000)
 ParOldGen       total 39424K, used 6590K [0x00000000a0000000, 0x00000000a2680000, 0x00000000e0000000)
  object space 39424K, 16% used [0x00000000a0000000,0x00000000a066fac8,0x00000000a2680000)
 Metaspace       used 34436K, capacity 35142K, committed 35416K, reserved 1079296K
  class space    used 4669K, capacity 4893K, committed 4992K, reserved 1048576K
Event: 25.599 GC heap after
Heap after GC invocations=10 (full 1):
 PSYoungGen      total 99840K, used 9184K [0x00000000e0000000, 0x00000000e9900000, 0x0000000100000000)
  eden space 90624K, 0% used [0x00000000e0000000,0x00000000e0000000,0x00000000e5880000)
  from space 9216K, 99% used [0x00000000e5880000,0x00000000e61781f0,0x00000000e6180000)
  to   space 10752K, 0% used [0x00000000e8e80000,0x00000000e8e80000,0x00000000e9900000)
 ParOldGen       total 39424K, used 7856K [0x00000000a0000000, 0x00000000a2680000, 0x00000000e0000000)
  object space 39424K, 19% used [0x00000000a0000000,0x00000000a07ac228,0x00000000a2680000)
 Metaspace       used 34436K, capacity 35142K, committed 35416K, reserved 1079296K
  class space    used 4669K, capacity 4893K, committed 4992K, reserved 1048576K
}
Event: 25.599 GC heap before
{Heap before GC invocations=11 (full 2):
 PSYoungGen      total 99840K, used 9184K [0x00000000e0000000, 0x00000000e9900000, 0x0000000100000000)
  eden space 90624K, 0% used [0x00000000e0000000,0x00000000e0000000,0x00000000e5880000)
  from space 9216K, 99% used [0x00000000e5880000,0x00000000e61781f0,0x00000000e6180000)
  to   space 10752K, 0% used [0x00000000e8e80000,0x00000000e8e80000,0x00000000e9900000)
 ParOldGen       total 39424K, used 7856K [0x00000000a0000000, 0x00000000a2680000, 0x00000000e0000000)
  object space 39424K, 19% used [0x00000000a0000000,0x00000000a07ac228,0x00000000a2680000)
 Metaspace       used 34436K, capacity 35142K, committed 35416K, reserved 1079296K
  class space    used 4669K, capacity 4893K, committed 4992K, reserved 1048576K
Event: 25.664 GC heap after
Heap after GC invocations=11 (full 2):
 PSYoungGen      total 99840K, used 0K [0x00000000e0000000, 0x00000000e9900000, 0x0000000100000000)
  eden space 90624K, 0% used [0x00000000e0000000,0x00000000e0000000,0x00000000e5880000)
  from space 9216K, 0% used [0x00000000e5880000,0x00000000e5880000,0x00000000e6180000)
  to   space 10752K, 0% used [0x00000000e8e80000,0x00000000e8e80000,0x00000000e9900000)
 ParOldGen       total 56320K, used 16351K [0x00000000a0000000, 0x00000000a3700000, 0x00000000e0000000)
  object space 56320K, 29% used [0x00000000a0000000,0x00000000a0ff7e58,0x00000000a3700000)
 Metaspace       used 34436K, capacity 35142K, committed 35416K, reserved 1079296K
  class space    used 4669K, capacity 4893K, committed 4992K, reserved 1048576K
}
Event: 144.680 GC heap before
{Heap before GC invocations=12 (full 2):
 PSYoungGen      total 99840K, used 90624K [0x00000000e0000000, 0x00000000e9900000, 0x0000000100000000)
  eden space 90624K, 100% used [0x00000000e0000000,0x00000000e5880000,0x00000000e5880000)
  from space 9216K, 0% used [0x00000000e5880000,0x00000000e5880000,0x00000000e6180000)
  to   space 10752K, 0% used [0x00000000e8e80000,0x00000000e8e80000,0x00000000e9900000)
 ParOldGen       total 56320K, used 16351K [0x00000000a0000000, 0x00000000a3700000, 0x00000000e0000000)
  object space 56320K, 29% used [0x00000000a0000000,0x00000000a0ff7e58,0x00000000a3700000)
 Metaspace       used 40735K, capacity 41584K, committed 42072K, reserved 1085440K
  class space    used 5397K, capacity 5678K, committed 5760K, reserved 1048576K
Event: 144.696 GC heap after
Heap after GC invocations=12 (full 2):
 PSYoungGen      total 137728K, used 9561K [0x00000000e0000000, 0x00000000e9800000, 0x0000000100000000)
  eden space 128000K, 0% used [0x00000000e0000000,0x00000000e0000000,0x00000000e7d00000)
  from space 9728K, 98% used [0x00000000e8e80000,0x00000000e97d6568,0x00000000e9800000)
  to   space 11264K, 0% used [0x00000000e8200000,0x00000000e8200000,0x00000000e8d00000)
 ParOldGen       total 56320K, used 16359K [0x00000000a0000000, 0x00000000a3700000, 0x00000000e0000000)
  object space 56320K, 29% used [0x00000000a0000000,0x00000000a0ff9e58,0x00000000a3700000)
 Metaspace       used 40735K, capacity 41584K, committed 42072K, reserved 1085440K
  class space    used 5397K, capacity 5678K, committed 5760K, reserved 1048576K
}
Event: 480.047 GC heap before
{Heap before GC invocations=13 (full 2):
 PSYoungGen      total 137728K, used 137561K [0x00000000e0000000, 0x00000000e9800000, 0x0000000100000000)
  eden space 128000K, 100% used [0x00000000e0000000,0x00000000e7d00000,0x00000000e7d00000)
  from space 9728K, 98% used [0x00000000e8e80000,0x00000000e97d6568,0x00000000e9800000)
  to   space 11264K, 0% used [0x00000000e8200000,0x00000000e8200000,0x00000000e8d00000)
 ParOldGen       total 56320K, used 16359K [0x00000000a0000000, 0x00000000a3700000, 0x00000000e0000000)
  object space 56320K, 29% used [0x00000000a0000000,0x00000000a0ff9e58,0x00000000a3700000)
 Metaspace       used 50579K, capacity 52160K, committed 52312K, reserved 1093632K
  class space    used 6804K, capacity 7215K, committed 7296K, reserved 1048576K
Event: 480.074 GC heap after
Heap after GC invocations=13 (full 2):
 PSYoungGen      total 144384K, used 11236K [0x00000000e0000000, 0x00000000ec800000, 0x0000000100000000)
  eden space 133120K, 0% used [0x00000000e0000000,0x00000000e0000000,0x00000000e8200000)
  from space 11264K, 99% used [0x00000000e8200000,0x00000000e8cf90d0,0x00000000e8d00000)
  to   space 14848K, 0% used [0x00000000eb980000,0x00000000eb980000,0x00000000ec800000)
 ParOldGen       total 56320K, used 22305K [0x00000000a0000000, 0x00000000a3700000, 0x00000000e0000000)
  object space 56320K, 39% used [0x00000000a0000000,0x00000000a15c8548,0x00000000a3700000)
 Metaspace       used 50579K, capacity 52160K, committed 52312K, reserved 1093632K
  class space    used 6804K, capacity 7215K, committed 7296K, reserved 1048576K
}

